<?xml version="1.0" encoding="UTF-8" standalone="no"?>
<testsuite errors="0" failures="0" name="io.cucumber.core.plugin.JUnitFormatter" skipped="2" tests="4" time="0.255">
<testcase classname="feature to test the login functionality" name="Check login is successful with the valid credentials" time="0.017">
<system-out><![CDATA[Given user is on login page.................................................passed
When user enters username and password......................................passed
And clicks on login button..................................................passed
Then user is navigated to the home page.....................................passed
]]></system-out>
</testcase>
<testcase classname="feature to test the login functionality" name="Check login is successful with the valid credentials 2" time="0.004">
<skipped><![CDATA[Given user is on login page.................................................passed
When user enters user1 and pwd1.............................................undefined
And clicks on login button..................................................skipped
Then user is navigated to the home page.....................................skipped
]]></skipped>
</testcase>
<testcase classname="feature to test the login functionality" name="Check login is successful with the valid credentials 3" time="0.005">
<skipped><![CDATA[Given user is on login page.................................................passed
When user enters user2 and pwd2.............................................undefined
And clicks on login button..................................................skipped
Then user is navigated to the home page.....................................skipped
]]></skipped>
</testcase>
<testcase classname="feature to test the login functionality" name="Check login is successful with the valid credentials" time="0.002">
<system-out><![CDATA[Given user is on login page.................................................passed
When user enters username and password......................................passed
And clicks on login button..................................................passed
Then user is navigated to the home page.....................................passed
]]></system-out>
</testcase>
</testsuite>
